<?xml version="1.0" encoding="UTF-8"?>
<!-- Generated by org.testng.reporters.JUnitReportReporter -->
<testsuite hostname="abhichak-lap" name="Bank.Bank2" tests="2" failures="2" timestamp="16 Apr 2016 18:44:59 GMT" time="0.000" errors="0">
  <testcase name="ApplyPL" time="0.000" classname="Bank.Bank2"/>
  <testcase name="ApplyHL" time="0.000" classname="Bank.Bank2"/>
</testsuite> <!-- Bank.Bank2 -->
