<?xml version="1.0" encoding="UTF-8"?>
<!-- Generated by org.testng.reporters.JUnitReportReporter -->
<testsuite hostname="abhichak-lap" name="testng_listeners.LoginTest" tests="1" failures="0" timestamp="20 Apr 2015 16:55:06 GMT" time="0.016" errors="0">
  <testcase name="logintest" time="0.016" classname="testng_listeners.LoginTest"/>
</testsuite> <!-- testng_listeners.LoginTest -->
