<?xml version="1.0" encoding="UTF-8"?>
<!-- Generated by org.testng.reporters.JUnitReportReporter -->
<testsuite hostname="abhichak-lap" name="Bank.Bank4" tests="2" failures="0" timestamp="16 Apr 2016 18:44:59 GMT" time="0.004" errors="0">
  <testcase name="ITReturn" time="0.000" classname="Bank.Bank4"/>
  <testcase name="PayTax" time="0.004" classname="Bank.Bank4"/>
</testsuite> <!-- Bank.Bank4 -->
