<?xml version="1.0" encoding="UTF-8"?>
<!-- Generated by org.testng.reporters.JUnitReportReporter -->
<testsuite hostname="ABHICHAK-LAP" name="learntestng.User" tests="2" failures="0" timestamp="8 Jan 2022 13:40:57 GMT" time="0.000" errors="0">
  <testcase name="userReg" time="0.000" classname="learntestng.User"/>
  <testcase name="userReg" time="0.000" classname="learntestng.User"/>
</testsuite> <!-- learntestng.User -->
