<?xml version="1.0" encoding="UTF-8"?>
<!-- Generated by org.testng.reporters.JUnitReportReporter -->
<testsuite hostname="ABHICHAK-LAP" name="learntestng.Loan" tests="4" failures="0" timestamp="8 Jan 2022 13:40:57 GMT" time="12.524" errors="0">
  <testcase name="google" time="12.523" classname="learntestng.Loan"/>
  <testcase name="PL" time="0.000" classname="learntestng.Loan"/>
  <testcase name="HL" time="0.000" classname="learntestng.Loan"/>
  <testcase name="CL" time="0.001" classname="learntestng.Loan"/>
</testsuite> <!-- learntestng.Loan -->
