<?xml version="1.0" encoding="UTF-8"?>
<!-- Generated by org.testng.reporters.JUnitReportReporter -->
<testsuite hostname="abhichak-lap" name="Bank.Bank3" tests="4" failures="0" timestamp="16 Apr 2016 18:44:59 GMT" time="0.000" errors="0">
  <testcase name="product" time="0.000" classname="Bank.Bank3"/>
  <testcase name="product" time="0.000" classname="Bank.Bank3"/>
  <testcase name="login" time="0.000" classname="Bank.Bank3"/>
  <testcase name="login" time="0.000" classname="Bank.Bank3"/>
</testsuite> <!-- Bank.Bank3 -->
